2011.01.04 18:26 B C:\website\pratikpanels\1.gif <-- www.pratikpanels.com /public_html 1.gif
2011.01.04 18:26 B C:\website\pratikpanels\2.gif <-- www.pratikpanels.com /public_html 2.gif
2011.01.04 18:27 B C:\website\pratikpanels\3.gif <-- www.pratikpanels.com /public_html 3.gif
2011.01.04 18:27 B C:\website\pratikpanels\4.gif <-- www.pratikpanels.com /public_html 4.gif
2011.01.04 18:27 B C:\website\pratikpanels\5.gif <-- www.pratikpanels.com /public_html 5.gif
2011.01.04 18:27 B C:\website\pratikpanels\6.gif <-- www.pratikpanels.com /public_html 6.gif
2011.01.04 18:27 B C:\website\pratikpanels\header_anim.gif <-- www.pratikpanels.com /public_html header_anim.gif
2011.01.04 18:27 B C:\website\pratikpanels\architectual.htm <-- www.pratikpanels.com /public_html architectual.htm
2011.01.04 18:27 B C:\website\pratikpanels\architectual_grade_plywood.htm <-- www.pratikpanels.com /public_html architectual_grade_plywood.htm
2011.01.04 18:27 B C:\website\pratikpanels\company.htm <-- www.pratikpanels.com /public_html company.htm
2011.01.04 18:28 B C:\website\pratikpanels\contact.htm <-- www.pratikpanels.com /public_html contact.htm
2011.01.04 18:28 B C:\website\pratikpanels\decking.htm <-- www.pratikpanels.com /public_html decking.htm
2011.01.04 18:28 B C:\website\pratikpanels\decking_veneer.htm <-- www.pratikpanels.com /public_html decking_veneer.htm
2011.01.04 18:28 B C:\website\pratikpanels\facilities.htm <-- www.pratikpanels.com /public_html facilities.htm
2011.01.04 18:28 B C:\website\pratikpanels\flexi.htm <-- www.pratikpanels.com /public_html flexi.htm
2011.01.04 18:28 B C:\website\pratikpanels\flexidecks.htm <-- www.pratikpanels.com /public_html flexidecks.htm
2011.01.04 18:28 B C:\website\pratikpanels\flexiply.htm <-- www.pratikpanels.com /public_html flexiply.htm
2011.01.04 18:28 B C:\website\pratikpanels\holly_teak.htm <-- www.pratikpanels.com /public_html holly_teak.htm
2011.01.04 18:28 B C:\website\pratikpanels\index.htm <-- www.pratikpanels.com /public_html index.htm
2011.01.04 18:28 B C:\website\pratikpanels\index1407.htm <-- www.pratikpanels.com /public_html index1407.htm
2011.01.04 18:28 B C:\website\pratikpanels\job_careers.htm <-- www.pratikpanels.com /public_html job_careers.htm
2011.01.04 18:28 B C:\website\pratikpanels\kitchen.htm <-- www.pratikpanels.com /public_html kitchen.htm
2011.01.04 18:28 B C:\website\pratikpanels\kitchen_s.htm <-- www.pratikpanels.com /public_html kitchen_s.htm
2011.01.04 18:28 B C:\website\pratikpanels\light.htm <-- www.pratikpanels.com /public_html light.htm
2011.01.04 18:28 B C:\website\pratikpanels\light_weight_plywood.htm <-- www.pratikpanels.com /public_html light_weight_plywood.htm
2011.01.04 18:28 B C:\website\pratikpanels\lumber.htm <-- www.pratikpanels.com /public_html lumber.htm
2011.01.04 18:28 B C:\website\pratikpanels\marine.htm <-- www.pratikpanels.com /public_html marine.htm
2011.01.04 18:28 B C:\website\pratikpanels\mini.htm <-- www.pratikpanels.com /public_html mini.htm
2011.01.04 18:28 B C:\website\pratikpanels\ocompany.htm <-- www.pratikpanels.com /public_html ocompany.htm
2011.01.04 18:28 B C:\website\pratikpanels\ocontact.htm <-- www.pratikpanels.com /public_html ocontact.htm
2011.01.04 18:29 B C:\website\pratikpanels\ofacilities.htm <-- www.pratikpanels.com /public_html ofacilities.htm
2011.01.04 18:29 B C:\website\pratikpanels\oproducts.htm <-- www.pratikpanels.com /public_html oproducts.htm
2011.01.04 18:29 B C:\website\pratikpanels\prefabricated.htm <-- www.pratikpanels.com /public_html prefabricated.htm
2011.01.04 18:29 B C:\website\pratikpanels\prefabricated_teak_decking.htm <-- www.pratikpanels.com /public_html prefabricated_teak_decking.htm
2011.01.04 18:29 B C:\website\pratikpanels\premium.htm <-- www.pratikpanels.com /public_html premium.htm
2011.01.04 18:29 B C:\website\pratikpanels\premium_grade_plywood.htm <-- www.pratikpanels.com /public_html premium_grade_plywood.htm
2011.01.04 18:29 B C:\website\pratikpanels\products.htm <-- www.pratikpanels.com /public_html products.htm
2011.01.04 18:29 B C:\website\pratikpanels\pvc_molded.htm <-- www.pratikpanels.com /public_html pvc_molded.htm
2011.01.04 18:29 B C:\website\pratikpanels\run.htm <-- www.pratikpanels.com /public_html run.htm
2011.01.04 18:29 B C:\website\pratikpanels\run_deck.htm <-- www.pratikpanels.com /public_html run_deck.htm
2011.01.04 18:29 B C:\website\pratikpanels\sandwitch_p.htm <-- www.pratikpanels.com /public_html sandwitch_p.htm
2011.01.04 18:29 B C:\website\pratikpanels\sandwitch_plywood.htm <-- www.pratikpanels.com /public_html sandwitch_plywood.htm
2011.01.04 18:29 B C:\website\pratikpanels\solid_wood_panel_doors.htm <-- www.pratikpanels.com /public_html solid_wood_panel_doors.htm
2011.01.04 18:29 B C:\website\pratikpanels\solid_wpd.htm <-- www.pratikpanels.com /public_html solid_wpd.htm
2011.01.04 18:29 B C:\website\pratikpanels\teak_mahagony_plywood.htm <-- www.pratikpanels.com /public_html teak_mahagony_plywood.htm
2011.01.04 18:29 B C:\website\pratikpanels\teak_mp.htm <-- www.pratikpanels.com /public_html teak_mp.htm
2011.01.04 18:29 B C:\website\pratikpanels\test1.htm <-- www.pratikpanels.com /public_html test1.htm
2011.01.04 18:29 B C:\website\pratikpanels\_vti_inf.html <-- www.pratikpanels.com /public_html _vti_inf.html
2011.01.04 18:29 B C:\website\pratikpanels\index.html <-- www.pratikpanels.com /public_html index.html
2011.01.04 18:30 B C:\website\pratikpanels\index~.html <-- www.pratikpanels.com /public_html index~.html
2011.01.04 18:30 B C:\website\pratikpanels\kit.html <-- www.pratikpanels.com /public_html kit.html
2011.01.04 18:30 B C:\website\pratikpanels\postinfo.html <-- www.pratikpanels.com /public_html postinfo.html
2011.01.04 18:30 A C:\website\pratikpanels\architectual.htm <-- www.pratikpanels.com /public_html architectual.htm
2011.01.04 18:30 A C:\website\pratikpanels\architectual_grade_plywood.htm <-- www.pratikpanels.com /public_html architectual_grade_plywood.htm
2011.01.04 18:30 A C:\website\pratikpanels\company.htm <-- www.pratikpanels.com /public_html company.htm
2011.01.04 18:30 A C:\website\pratikpanels\contact.htm <-- www.pratikpanels.com /public_html contact.htm
2011.01.04 18:30 A C:\website\pratikpanels\decking.htm <-- www.pratikpanels.com /public_html decking.htm
2011.01.04 18:30 A C:\website\pratikpanels\decking_veneer.htm <-- www.pratikpanels.com /public_html decking_veneer.htm
2011.01.04 18:30 A C:\website\pratikpanels\facilities.htm <-- www.pratikpanels.com /public_html facilities.htm
2011.01.04 18:30 A C:\website\pratikpanels\flexi.htm <-- www.pratikpanels.com /public_html flexi.htm
2011.01.04 18:31 A C:\website\pratikpanels\flexidecks.htm <-- www.pratikpanels.com /public_html flexidecks.htm
2011.01.04 18:31 A C:\website\pratikpanels\flexiply.htm <-- www.pratikpanels.com /public_html flexiply.htm
2011.01.04 18:31 A C:\website\pratikpanels\holly_teak.htm <-- www.pratikpanels.com /public_html holly_teak.htm
2011.01.04 18:31 A C:\website\pratikpanels\index.htm <-- www.pratikpanels.com /public_html index.htm
2011.01.04 18:31 A C:\website\pratikpanels\index1407.htm <-- www.pratikpanels.com /public_html index1407.htm
2011.01.04 18:31 A C:\website\pratikpanels\job_careers.htm <-- www.pratikpanels.com /public_html job_careers.htm
2011.01.04 18:31 A C:\website\pratikpanels\kitchen.htm <-- www.pratikpanels.com /public_html kitchen.htm
2011.01.04 18:31 A C:\website\pratikpanels\kitchen_s.htm <-- www.pratikpanels.com /public_html kitchen_s.htm
2011.01.04 18:31 A C:\website\pratikpanels\light.htm <-- www.pratikpanels.com /public_html light.htm
2011.01.04 18:31 A C:\website\pratikpanels\light_weight_plywood.htm <-- www.pratikpanels.com /public_html light_weight_plywood.htm
2011.01.04 18:31 A C:\website\pratikpanels\lumber.htm <-- www.pratikpanels.com /public_html lumber.htm
2011.01.04 18:31 A C:\website\pratikpanels\marine.htm <-- www.pratikpanels.com /public_html marine.htm
2011.01.04 18:31 A C:\website\pratikpanels\mini.htm <-- www.pratikpanels.com /public_html mini.htm
2011.01.04 18:31 A C:\website\pratikpanels\ocompany.htm <-- www.pratikpanels.com /public_html ocompany.htm
2011.01.04 18:31 A C:\website\pratikpanels\ocontact.htm <-- www.pratikpanels.com /public_html ocontact.htm
2011.01.04 18:31 A C:\website\pratikpanels\ofacilities.htm <-- www.pratikpanels.com /public_html ofacilities.htm
2011.01.04 18:31 A C:\website\pratikpanels\oproducts.htm <-- www.pratikpanels.com /public_html oproducts.htm
2011.01.04 18:31 A C:\website\pratikpanels\prefabricated.htm <-- www.pratikpanels.com /public_html prefabricated.htm
2011.01.04 18:31 A C:\website\pratikpanels\prefabricated_teak_decking.htm <-- www.pratikpanels.com /public_html prefabricated_teak_decking.htm
2011.01.04 18:31 A C:\website\pratikpanels\premium.htm <-- www.pratikpanels.com /public_html premium.htm
2011.01.04 18:31 A C:\website\pratikpanels\premium_grade_plywood.htm <-- www.pratikpanels.com /public_html premium_grade_plywood.htm
2011.01.04 18:31 A C:\website\pratikpanels\products.htm <-- www.pratikpanels.com /public_html products.htm
2011.01.04 18:31 A C:\website\pratikpanels\pvc_molded.htm <-- www.pratikpanels.com /public_html pvc_molded.htm
2011.01.04 18:31 A C:\website\pratikpanels\run.htm <-- www.pratikpanels.com /public_html run.htm
2011.01.04 18:31 A C:\website\pratikpanels\run_deck.htm <-- www.pratikpanels.com /public_html run_deck.htm
2011.01.04 18:31 A C:\website\pratikpanels\sandwitch_p.htm <-- www.pratikpanels.com /public_html sandwitch_p.htm
2011.01.04 18:31 A C:\website\pratikpanels\sandwitch_plywood.htm <-- www.pratikpanels.com /public_html sandwitch_plywood.htm
2011.01.04 18:31 A C:\website\pratikpanels\solid_wood_panel_doors.htm <-- www.pratikpanels.com /public_html solid_wood_panel_doors.htm
2011.01.04 18:31 A C:\website\pratikpanels\solid_wpd.htm <-- www.pratikpanels.com /public_html solid_wpd.htm
2011.01.04 18:31 A C:\website\pratikpanels\teak_mahagony_plywood.htm <-- www.pratikpanels.com /public_html teak_mahagony_plywood.htm
2011.01.04 18:32 A C:\website\pratikpanels\teak_mp.htm <-- www.pratikpanels.com /public_html teak_mp.htm
2011.01.04 18:32 A C:\website\pratikpanels\test1.htm <-- www.pratikpanels.com /public_html test1.htm
2011.01.04 18:32 A C:\website\pratikpanels\_vti_inf.html <-- www.pratikpanels.com /public_html _vti_inf.html
2011.01.04 18:32 A C:\website\pratikpanels\index.html <-- www.pratikpanels.com /public_html index.html
2011.01.04 18:32 A C:\website\pratikpanels\index~.html <-- www.pratikpanels.com /public_html index~.html
2011.01.04 18:32 A C:\website\pratikpanels\kit.html <-- www.pratikpanels.com /public_html kit.html
2011.01.04 18:32 A C:\website\pratikpanels\postinfo.html <-- www.pratikpanels.com /public_html postinfo.html
2011.01.04 18:32 B C:\website\pratikpanels\0041x.jpg <-- www.pratikpanels.com /public_html 0041x.jpg
2011.01.04 18:32 B C:\website\pratikpanels\2 Panel.jpg <-- www.pratikpanels.com /public_html 2 Panel.jpg
2011.01.04 18:32 B C:\website\pratikpanels\3 Panel Cherry.jpg <-- www.pratikpanels.com /public_html 3 Panel Cherry.jpg
2011.01.04 18:33 B C:\website\pratikpanels\ank5126x.jpg <-- www.pratikpanels.com /public_html ank5126x.jpg
2011.01.04 18:33 B C:\website\pratikpanels\ANK_0919 F.jpg <-- www.pratikpanels.com /public_html ANK_0919 F.jpg
2011.01.04 18:33 B C:\website\pratikpanels\ANK_0924 F.jpg <-- www.pratikpanels.com /public_html ANK_0924 F.jpg
2011.01.04 18:33 B C:\website\pratikpanels\ANK_0928 F.jpg <-- www.pratikpanels.com /public_html ANK_0928 F.jpg
2011.01.04 18:33 B C:\website\pratikpanels\ANK_0928 F250.jpg <-- www.pratikpanels.com /public_html ANK_0928 F250.jpg
2011.01.04 18:33 B C:\website\pratikpanels\ANK_0930 F.jpg <-- www.pratikpanels.com /public_html ANK_0930 F.jpg
2011.01.04 18:33 B C:\website\pratikpanels\ANK_0930F300.jpg <-- www.pratikpanels.com /public_html ANK_0930F300.jpg
2011.01.04 18:33 B C:\website\pratikpanels\ANK_0930F302.jpg <-- www.pratikpanels.com /public_html ANK_0930F302.jpg
2011.01.04 18:33 B C:\website\pratikpanels\ANK_0932 F.jpg <-- www.pratikpanels.com /public_html ANK_0932 F.jpg
2011.01.04 18:33 B C:\website\pratikpanels\ANK_0934 F.JPG <-- www.pratikpanels.com /public_html ANK_0934 F.JPG
2011.01.04 18:34 B C:\website\pratikpanels\ANK_0934.JPG <-- www.pratikpanels.com /public_html ANK_0934.JPG
2011.01.04 18:34 B C:\website\pratikpanels\ANK_0946 F.jpg <-- www.pratikpanels.com /public_html ANK_0946 F.jpg
2011.01.04 18:34 B C:\website\pratikpanels\ANK_5126 0 copy.jpg <-- www.pratikpanels.com /public_html ANK_5126 0 copy.jpg
2011.01.04 18:34 B C:\website\pratikpanels\banner-img.jpg <-- www.pratikpanels.com /public_html banner-img.jpg
2011.01.04 18:34 B C:\website\pratikpanels\bottom.jpg <-- www.pratikpanels.com /public_html bottom.jpg
2011.01.04 18:34 B C:\website\pratikpanels\company.jpg <-- www.pratikpanels.com /public_html company.jpg
2011.01.04 18:34 B C:\website\pratikpanels\deckingnewconcept.jpg <-- www.pratikpanels.com /public_html deckingnewconcept.jpg
2011.01.04 18:34 B C:\website\pratikpanels\deckingnewconcept2.jpg <-- www.pratikpanels.com /public_html deckingnewconcept2.jpg
2011.01.04 18:35 B C:\website\pratikpanels\deckingright.jpg <-- www.pratikpanels.com /public_html deckingright.jpg
2011.01.04 18:35 B C:\website\pratikpanels\deckingright2.jpg <-- www.pratikpanels.com /public_html deckingright2.jpg
2011.01.04 18:35 B C:\website\pratikpanels\doormini.jpg <-- www.pratikpanels.com /public_html doormini.jpg
2011.01.04 18:35 B C:\website\pratikpanels\doorsmembrane.jpg <-- www.pratikpanels.com /public_html doorsmembrane.jpg
2011.01.04 18:35 B C:\website\pratikpanels\download.jpg <-- www.pratikpanels.com /public_html download.jpg
2011.01.04 18:35 B C:\website\pratikpanels\DSC_5385300.jpg <-- www.pratikpanels.com /public_html DSC_5385300.jpg
2011.01.04 18:35 B C:\website\pratikpanels\facilities-img.jpg <-- www.pratikpanels.com /public_html facilities-img.jpg
2011.01.04 18:35 B C:\website\pratikpanels\facilities.jpg <-- www.pratikpanels.com /public_html facilities.jpg
2011.01.04 18:35 B C:\website\pratikpanels\flexideckmini.jpg <-- www.pratikpanels.com /public_html flexideckmini.jpg
2011.01.04 18:35 B C:\website\pratikpanels\flexiplynkd.jpg <-- www.pratikpanels.com /public_html flexiplynkd.jpg
2011.01.04 18:35 B C:\website\pratikpanels\header_lt.jpg <-- www.pratikpanels.com /public_html header_lt.jpg
2011.01.04 18:35 B C:\website\pratikpanels\hollyteak.jpg <-- www.pratikpanels.com /public_html hollyteak.jpg
2011.01.04 18:35 B C:\website\pratikpanels\home.jpg <-- www.pratikpanels.com /public_html home.jpg
2011.01.04 18:36 B C:\website\pratikpanels\home2.jpg <-- www.pratikpanels.com /public_html home2.jpg
2011.01.04 18:36 B C:\website\pratikpanels\kitchen1.jpg <-- www.pratikpanels.com /public_html kitchen1.jpg
2011.01.04 18:36 B C:\website\pratikpanels\MAN4.jpg <-- www.pratikpanels.com /public_html MAN4.jpg
2011.01.04 18:36 B C:\website\pratikpanels\marine.jpg <-- www.pratikpanels.com /public_html marine.jpg
2011.01.04 18:36 B C:\website\pratikpanels\marinemini.jpg <-- www.pratikpanels.com /public_html marinemini.jpg
2011.01.04 18:36 B C:\website\pratikpanels\mono.jpg <-- www.pratikpanels.com /public_html mono.jpg
2011.01.04 18:36 B C:\website\pratikpanels\mono122.jpg <-- www.pratikpanels.com /public_html mono122.jpg
2011.01.04 18:36 B C:\website\pratikpanels\rundeckmini.jpg <-- www.pratikpanels.com /public_html rundeckmini.jpg
2011.01.04 18:36 B C:\website\pratikpanels\sandwitch.jpg <-- www.pratikpanels.com /public_html sandwitch.jpg
2011.01.04 18:36 B C:\website\pratikpanels\sandwitchmini.jpg <-- www.pratikpanels.com /public_html sandwitchmini.jpg
2011.01.04 18:36 B C:\website\pratikpanels\scrap14web.jpg <-- www.pratikpanels.com /public_html scrap14web.jpg
2011.01.04 18:36 B C:\website\pratikpanels\scrap24web.jpg <-- www.pratikpanels.com /public_html scrap24web.jpg
2011.01.04 18:36 B C:\website\pratikpanels\solidwdoors.jpg <-- www.pratikpanels.com /public_html solidwdoors.jpg
2011.01.04 18:36 B C:\website\pratikpanels\splyteak.jpg <-- www.pratikpanels.com /public_html splyteak.jpg
2011.01.04 18:36 B C:\website\pratikpanels\Teak Panel Door.jpg <-- www.pratikpanels.com /public_html Teak Panel Door.jpg
2011.01.04 18:37 B C:\website\pratikpanels\TEAK1.JPG <-- www.pratikpanels.com /public_html TEAK1.JPG
2011.01.04 18:37 B C:\website\pratikpanels\teakmahagony1.jpg <-- www.pratikpanels.com /public_html teakmahagony1.jpg
2011.01.04 18:37 B C:\website\pratikpanels\teakmahagony1mini.jpg <-- www.pratikpanels.com /public_html teakmahagony1mini.jpg
2011.01.04 18:37 B C:\website\pratikpanels\teakmahagony2.jpg <-- www.pratikpanels.com /public_html teakmahagony2.jpg
2011.01.04 18:51 A C:\website\pratikpanels\ack.php <-- www.pratikpanels.com /public_html ack.php
2011.01.04 18:51 A C:\website\pratikpanels\contactUs.php <-- www.pratikpanels.com /public_html contactUs.php
2011.01.04 18:52 A C:\website\pratikpanels\exmplmenu_var.js <-- www.pratikpanels.com /public_html exmplmenu_var.js
2011.01.04 18:52 A C:\website\pratikpanels\exmplmenu_varorig.js <-- www.pratikpanels.com /public_html exmplmenu_varorig.js
2011.01.04 18:52 A C:\website\pratikpanels\menu_com.js <-- www.pratikpanels.com /public_html menu_com.js
2011.01.04 18:52 A C:\website\pratikpanels\hdr_anim.swf <-- www.pratikpanels.com /public_html hdr_anim.swf
2011.01.04 18:52 A C:\website\pratikpanels\robots.txt <-- www.pratikpanels.com /public_html robots.txt
2011.01.06 13:03 B C:\website\pratikpanels\hdr_anim.swf --> ftp.pratikpanels.com /httpsdocs hdr_anim.swf
2011.01.06 13:03 B C:\website\pratikpanels\contactUs.php --> ftp.pratikpanels.com /httpsdocs contactUs.php
2011.01.06 13:03 B C:\website\pratikpanels\ack.php --> ftp.pratikpanels.com /httpsdocs ack.php
2011.01.06 13:03 B C:\website\pratikpanels\WS_FTP.LOG --> ftp.pratikpanels.com /httpsdocs WS_FTP.LOG
2011.01.06 13:03 B C:\website\pratikpanels\menu_com.js --> ftp.pratikpanels.com /httpsdocs menu_com.js
2011.01.06 13:03 B C:\website\pratikpanels\exmplmenu_varorig.js --> ftp.pratikpanels.com /httpsdocs exmplmenu_varorig.js
2011.01.06 13:03 B C:\website\pratikpanels\exmplmenu_var.js --> ftp.pratikpanels.com /httpsdocs exmplmenu_var.js
2011.01.06 13:03 B C:\website\pratikpanels\teakmahagony2.jpg --> ftp.pratikpanels.com /httpsdocs teakmahagony2.jpg
2011.01.06 13:03 B C:\website\pratikpanels\teakmahagony1mini.jpg --> ftp.pratikpanels.com /httpsdocs teakmahagony1mini.jpg
2011.01.06 13:03 B C:\website\pratikpanels\teakmahagony1.jpg --> ftp.pratikpanels.com /httpsdocs teakmahagony1.jpg
2011.01.06 13:04 B C:\website\pratikpanels\TEAK1.JPG --> ftp.pratikpanels.com /httpsdocs TEAK1.JPG
2011.01.06 13:04 B C:\website\pratikpanels\Teak Panel Door.jpg --> ftp.pratikpanels.com /httpsdocs Teak Panel Door.jpg
2011.01.06 13:04 B C:\website\pratikpanels\splyteak.jpg --> ftp.pratikpanels.com /httpsdocs splyteak.jpg
2011.01.06 13:04 B C:\website\pratikpanels\solidwdoors.jpg --> ftp.pratikpanels.com /httpsdocs solidwdoors.jpg
2011.01.06 13:04 B C:\website\pratikpanels\scrap24web.jpg --> ftp.pratikpanels.com /httpsdocs scrap24web.jpg
2011.01.06 13:04 B C:\website\pratikpanels\scrap14web.jpg --> ftp.pratikpanels.com /httpsdocs scrap14web.jpg
2011.01.06 13:04 B C:\website\pratikpanels\sandwitchmini.jpg --> ftp.pratikpanels.com /httpsdocs sandwitchmini.jpg
2011.01.06 13:04 B C:\website\pratikpanels\sandwitch.jpg --> ftp.pratikpanels.com /httpsdocs sandwitch.jpg
2011.01.06 13:04 B C:\website\pratikpanels\rundeckmini.jpg --> ftp.pratikpanels.com /httpsdocs rundeckmini.jpg
2011.01.06 13:04 B C:\website\pratikpanels\mono122.jpg --> ftp.pratikpanels.com /httpsdocs mono122.jpg
2011.01.06 13:04 B C:\website\pratikpanels\mono.jpg --> ftp.pratikpanels.com /httpsdocs mono.jpg
2011.01.06 13:04 B C:\website\pratikpanels\marinemini.jpg --> ftp.pratikpanels.com /httpsdocs marinemini.jpg
2011.01.06 13:04 B C:\website\pratikpanels\marine.jpg --> ftp.pratikpanels.com /httpsdocs marine.jpg
2011.01.06 13:04 B C:\website\pratikpanels\MAN4.jpg --> ftp.pratikpanels.com /httpsdocs MAN4.jpg
2011.01.06 13:04 B C:\website\pratikpanels\kitchen1.jpg --> ftp.pratikpanels.com /httpsdocs kitchen1.jpg
2011.01.06 13:04 B C:\website\pratikpanels\home2.jpg --> ftp.pratikpanels.com /httpsdocs home2.jpg
2011.01.06 13:04 B C:\website\pratikpanels\home.jpg --> ftp.pratikpanels.com /httpsdocs home.jpg
2011.01.06 13:04 B C:\website\pratikpanels\hollyteak.jpg --> ftp.pratikpanels.com /httpsdocs hollyteak.jpg
2011.01.06 13:04 B C:\website\pratikpanels\header_lt.jpg --> ftp.pratikpanels.com /httpsdocs header_lt.jpg
2011.01.06 13:05 B C:\website\pratikpanels\flexiplynkd.jpg --> ftp.pratikpanels.com /httpsdocs flexiplynkd.jpg
2011.01.06 13:05 B C:\website\pratikpanels\flexideckmini.jpg --> ftp.pratikpanels.com /httpsdocs flexideckmini.jpg
2011.01.06 13:05 B C:\website\pratikpanels\facilities.jpg --> ftp.pratikpanels.com /httpsdocs facilities.jpg
2011.01.06 13:05 B C:\website\pratikpanels\facilities-img.jpg --> ftp.pratikpanels.com /httpsdocs facilities-img.jpg
2011.01.06 13:05 B C:\website\pratikpanels\DSC_5385300.jpg --> ftp.pratikpanels.com /httpsdocs DSC_5385300.jpg
2011.01.06 13:05 B C:\website\pratikpanels\download.jpg --> ftp.pratikpanels.com /httpsdocs download.jpg
2011.01.06 13:05 B C:\website\pratikpanels\doorsmembrane.jpg --> ftp.pratikpanels.com /httpsdocs doorsmembrane.jpg
2011.01.06 13:05 B C:\website\pratikpanels\doormini.jpg --> ftp.pratikpanels.com /httpsdocs doormini.jpg
2011.01.06 13:05 B C:\website\pratikpanels\deckingright2.jpg --> ftp.pratikpanels.com /httpsdocs deckingright2.jpg
2011.01.06 13:05 B C:\website\pratikpanels\deckingright.jpg --> ftp.pratikpanels.com /httpsdocs deckingright.jpg
2011.01.06 13:05 B C:\website\pratikpanels\deckingnewconcept2.jpg --> ftp.pratikpanels.com /httpsdocs deckingnewconcept2.jpg
2011.01.06 13:05 B C:\website\pratikpanels\deckingnewconcept.jpg --> ftp.pratikpanels.com /httpsdocs deckingnewconcept.jpg
2011.01.06 13:05 B C:\website\pratikpanels\company.jpg --> ftp.pratikpanels.com /httpsdocs company.jpg
2011.01.06 13:05 B C:\website\pratikpanels\bottom.jpg --> ftp.pratikpanels.com /httpsdocs bottom.jpg
2011.01.06 13:05 B C:\website\pratikpanels\banner-img.jpg --> ftp.pratikpanels.com /httpsdocs banner-img.jpg
2011.01.06 13:06 B C:\website\pratikpanels\ANK_5126 0 copy.jpg --> ftp.pratikpanels.com /httpsdocs ANK_5126 0 copy.jpg
2011.01.06 13:06 B C:\website\pratikpanels\ANK_0946 F.jpg --> ftp.pratikpanels.com /httpsdocs ANK_0946 F.jpg
2011.01.06 13:06 B C:\website\pratikpanels\ANK_0934.JPG --> ftp.pratikpanels.com /httpsdocs ANK_0934.JPG
2011.01.06 13:06 B C:\website\pratikpanels\ANK_0934 F.JPG --> ftp.pratikpanels.com /httpsdocs ANK_0934 F.JPG
2011.01.06 13:06 B C:\website\pratikpanels\ANK_0932 F.jpg --> ftp.pratikpanels.com /httpsdocs ANK_0932 F.jpg
2011.01.06 13:06 B C:\website\pratikpanels\ANK_0930F302.jpg --> ftp.pratikpanels.com /httpsdocs ANK_0930F302.jpg
2011.01.06 13:06 B C:\website\pratikpanels\ANK_0930F300.jpg --> ftp.pratikpanels.com /httpsdocs ANK_0930F300.jpg
2011.01.06 13:06 B C:\website\pratikpanels\ANK_0930 F.jpg --> ftp.pratikpanels.com /httpsdocs ANK_0930 F.jpg
2011.01.06 13:06 B C:\website\pratikpanels\ANK_0928 F250.jpg --> ftp.pratikpanels.com /httpsdocs ANK_0928 F250.jpg
2011.01.06 13:06 B C:\website\pratikpanels\ANK_0928 F.jpg --> ftp.pratikpanels.com /httpsdocs ANK_0928 F.jpg
2011.01.06 13:06 B C:\website\pratikpanels\ANK_0924 F.jpg --> ftp.pratikpanels.com /httpsdocs ANK_0924 F.jpg
2011.01.06 13:06 B C:\website\pratikpanels\ANK_0919 F.jpg --> ftp.pratikpanels.com /httpsdocs ANK_0919 F.jpg
2011.01.06 13:07 B C:\website\pratikpanels\ank5126x.jpg --> ftp.pratikpanels.com /httpsdocs ank5126x.jpg
2011.01.06 13:07 B C:\website\pratikpanels\3 Panel Cherry.jpg --> ftp.pratikpanels.com /httpsdocs 3 Panel Cherry.jpg
2011.01.06 13:07 B C:\website\pratikpanels\2 Panel.jpg --> ftp.pratikpanels.com /httpsdocs 2 Panel.jpg
2011.01.06 13:07 B C:\website\pratikpanels\0041x.jpg --> ftp.pratikpanels.com /httpsdocs 0041x.jpg
2011.01.06 13:07 B C:\website\pratikpanels\postinfo.html --> ftp.pratikpanels.com /httpsdocs postinfo.html
2011.01.06 13:07 B C:\website\pratikpanels\kit.html --> ftp.pratikpanels.com /httpsdocs kit.html
2011.01.06 13:07 B C:\website\pratikpanels\index~.html --> ftp.pratikpanels.com /httpsdocs index~.html
2011.01.06 13:13 B C:\website\pratikpanels\WS_FTP.LOG --> ftp.pratikpanels.com /httpsdocs WS_FTP.LOG
2011.01.06 13:13 B C:\website\pratikpanels\_vti_inf.html --> ftp.pratikpanels.com /httpsdocs _vti_inf.html
2011.01.06 13:13 B C:\website\pratikpanels\test1.htm --> ftp.pratikpanels.com /httpsdocs test1.htm
2011.01.06 13:13 B C:\website\pratikpanels\teak_mp.htm --> ftp.pratikpanels.com /httpsdocs teak_mp.htm
2011.01.06 13:13 B C:\website\pratikpanels\teak_mahagony_plywood.htm --> ftp.pratikpanels.com /httpsdocs teak_mahagony_plywood.htm
2011.01.06 13:13 B C:\website\pratikpanels\solid_wpd.htm --> ftp.pratikpanels.com /httpsdocs solid_wpd.htm
2011.01.06 13:13 B C:\website\pratikpanels\solid_wood_panel_doors.htm --> ftp.pratikpanels.com /httpsdocs solid_wood_panel_doors.htm
2011.01.06 13:13 B C:\website\pratikpanels\sandwitch_plywood.htm --> ftp.pratikpanels.com /httpsdocs sandwitch_plywood.htm
2011.01.06 13:14 B C:\website\pratikpanels\sandwitch_p.htm --> ftp.pratikpanels.com /httpsdocs sandwitch_p.htm
2011.01.06 13:14 B C:\website\pratikpanels\run_deck.htm --> ftp.pratikpanels.com /httpsdocs run_deck.htm
2011.01.06 13:14 B C:\website\pratikpanels\run.htm --> ftp.pratikpanels.com /httpsdocs run.htm
2011.01.06 13:14 B C:\website\pratikpanels\pvc_molded.htm --> ftp.pratikpanels.com /httpsdocs pvc_molded.htm
2011.01.06 13:14 B C:\website\pratikpanels\products.htm --> ftp.pratikpanels.com /httpsdocs products.htm
2011.01.06 13:14 B C:\website\pratikpanels\premium_grade_plywood.htm --> ftp.pratikpanels.com /httpsdocs premium_grade_plywood.htm
2011.01.06 13:14 B C:\website\pratikpanels\premium.htm --> ftp.pratikpanels.com /httpsdocs premium.htm
2011.01.06 13:14 B C:\website\pratikpanels\prefabricated_teak_decking.htm --> ftp.pratikpanels.com /httpsdocs prefabricated_teak_decking.htm
2011.01.06 13:14 B C:\website\pratikpanels\prefabricated.htm --> ftp.pratikpanels.com /httpsdocs prefabricated.htm
2011.01.06 13:14 B C:\website\pratikpanels\prateektest.htm --> ftp.pratikpanels.com /httpsdocs prateektest.htm
2011.01.06 13:14 B C:\website\pratikpanels\oproducts.htm --> ftp.pratikpanels.com /httpsdocs oproducts.htm
2011.01.06 13:14 B C:\website\pratikpanels\ofacilities.htm --> ftp.pratikpanels.com /httpsdocs ofacilities.htm
2011.01.06 13:14 B C:\website\pratikpanels\ocontact.htm --> ftp.pratikpanels.com /httpsdocs ocontact.htm
2011.01.06 13:14 B C:\website\pratikpanels\ocompany.htm --> ftp.pratikpanels.com /httpsdocs ocompany.htm
2011.01.06 13:14 B C:\website\pratikpanels\mini.htm --> ftp.pratikpanels.com /httpsdocs mini.htm
2011.01.06 13:14 B C:\website\pratikpanels\marine.htm --> ftp.pratikpanels.com /httpsdocs marine.htm
2011.01.06 13:14 B C:\website\pratikpanels\lumber.htm --> ftp.pratikpanels.com /httpsdocs lumber.htm
2011.01.06 13:14 B C:\website\pratikpanels\light_weight_plywood.htm --> ftp.pratikpanels.com /httpsdocs light_weight_plywood.htm
2011.01.06 13:14 B C:\website\pratikpanels\light.htm --> ftp.pratikpanels.com /httpsdocs light.htm
2011.01.06 13:14 B C:\website\pratikpanels\kitchen_s.htm --> ftp.pratikpanels.com /httpsdocs kitchen_s.htm
2011.01.06 13:14 B C:\website\pratikpanels\kitchen.htm --> ftp.pratikpanels.com /httpsdocs kitchen.htm
2011.01.06 13:14 B C:\website\pratikpanels\job_careers.htm --> ftp.pratikpanels.com /httpsdocs job_careers.htm
2011.01.06 13:14 B C:\website\pratikpanels\index1407.htm --> ftp.pratikpanels.com /httpsdocs index1407.htm
2011.01.06 13:14 B C:\website\pratikpanels\index.htm --> ftp.pratikpanels.com /httpsdocs index.htm
2011.01.06 13:14 B C:\website\pratikpanels\holly_teak.htm --> ftp.pratikpanels.com /httpsdocs holly_teak.htm
2011.01.06 13:14 B C:\website\pratikpanels\flexiply.htm --> ftp.pratikpanels.com /httpsdocs flexiply.htm
2011.01.06 13:14 B C:\website\pratikpanels\flexidecks.htm --> ftp.pratikpanels.com /httpsdocs flexidecks.htm
2011.01.06 13:14 B C:\website\pratikpanels\flexi.htm --> ftp.pratikpanels.com /httpsdocs flexi.htm
2011.01.06 13:14 B C:\website\pratikpanels\facilities.htm --> ftp.pratikpanels.com /httpsdocs facilities.htm
2011.01.06 13:14 B C:\website\pratikpanels\decking_veneer.htm --> ftp.pratikpanels.com /httpsdocs decking_veneer.htm
2011.01.06 13:14 B C:\website\pratikpanels\decking.htm --> ftp.pratikpanels.com /httpsdocs decking.htm
2011.01.06 13:14 B C:\website\pratikpanels\contact.htm --> ftp.pratikpanels.com /httpsdocs contact.htm
2011.01.06 13:14 B C:\website\pratikpanels\company.htm --> ftp.pratikpanels.com /httpsdocs company.htm
2011.01.06 13:14 B C:\website\pratikpanels\architectual_grade_plywood.htm --> ftp.pratikpanels.com /httpsdocs architectual_grade_plywood.htm
2011.01.06 13:14 B C:\website\pratikpanels\architectual.htm --> ftp.pratikpanels.com /httpsdocs architectual.htm
2011.01.06 13:15 B C:\website\pratikpanels\header_anim.gif --> ftp.pratikpanels.com /httpsdocs header_anim.gif
2011.01.06 13:15 B C:\website\pratikpanels\6.gif --> ftp.pratikpanels.com /httpsdocs 6.gif
2011.01.06 13:15 B C:\website\pratikpanels\5.gif --> ftp.pratikpanels.com /httpsdocs 5.gif
2011.01.06 13:15 B C:\website\pratikpanels\4.gif --> ftp.pratikpanels.com /httpsdocs 4.gif
2011.01.06 13:15 B C:\website\pratikpanels\3.gif --> ftp.pratikpanels.com /httpsdocs 3.gif
2011.01.06 13:15 B C:\website\pratikpanels\2.gif --> ftp.pratikpanels.com /httpsdocs 2.gif
2011.01.06 13:15 B C:\website\pratikpanels\1.gif --> ftp.pratikpanels.com /httpsdocs 1.gif
2011.01.06 13:21 A C:\website\pratikpanels\index.html --> ftp.pratikpanels.com /httpdocs index.html
2011.01.06 13:21 A C:\website\pratikpanels\index.html --> ftp.pratikpanels.com /httpdocs index.html
2011.01.06 13:22 A C:\website\pratikpanels\hdr_anim.swf --> ftp.pratikpanels.com /httpdocs hdr_anim.swf
2011.01.06 13:22 A C:\website\pratikpanels\contactUs.php --> ftp.pratikpanels.com /httpdocs contactUs.php
2011.01.06 13:22 A C:\website\pratikpanels\ack.php --> ftp.pratikpanels.com /httpdocs ack.php
